[debug] [2024-08-13T17:14:04.160Z] ----------------------------------------------------------------------
[debug] [2024-08-13T17:14:04.162Z] Command:       C:\Program Files\nodejs\node.exe C:\Users\User\AppData\Roaming\npm\node_modules\firebase-tools\lib\bin\firebase.js deploy
[debug] [2024-08-13T17:14:04.163Z] CLI Version:   13.9.0
[debug] [2024-08-13T17:14:04.163Z] Platform:      win32
[debug] [2024-08-13T17:14:04.163Z] Node Version:  v20.11.1
[debug] [2024-08-13T17:14:04.163Z] Time:          Tue Aug 13 2024 20:14:04 GMT+0300 (שעון ישראל (קיץ))
[debug] [2024-08-13T17:14:04.163Z] ----------------------------------------------------------------------
[debug] 
[debug] [2024-08-13T17:14:04.166Z] >>> [apiv2][query] GET https://firebase-public.firebaseio.com/cli.json [none]
[debug] [2024-08-13T17:14:04.274Z] > command requires scopes: ["email","openid","https://www.googleapis.com/auth/cloudplatformprojects.readonly","https://www.googleapis.com/auth/firebase","https://www.googleapis.com/auth/cloud-platform"]
[debug] [2024-08-13T17:14:04.274Z] > authorizing via signed-in user (shukron17@gmail.com)
[debug] [2024-08-13T17:14:04.274Z] [iam] checking project auth-development-323c3 for permissions ["firebase.projects.get","firebasehosting.sites.update"]
[debug] [2024-08-13T17:14:04.275Z] > refreshing access token with scopes: []
[debug] [2024-08-13T17:14:04.276Z] >>> [apiv2][query] POST https://www.googleapis.com/oauth2/v3/token [none]
[debug] [2024-08-13T17:14:04.276Z] >>> [apiv2][body] POST https://www.googleapis.com/oauth2/v3/token [omitted]
[debug] [2024-08-13T17:14:04.541Z] <<< [apiv2][status] POST https://www.googleapis.com/oauth2/v3/token 200
[debug] [2024-08-13T17:14:04.541Z] <<< [apiv2][body] POST https://www.googleapis.com/oauth2/v3/token [omitted]
[debug] [2024-08-13T17:14:04.548Z] >>> [apiv2][query] POST https://cloudresourcemanager.googleapis.com/v1/projects/auth-development-323c3:testIamPermissions [none]
[debug] [2024-08-13T17:14:04.548Z] >>> [apiv2][(partial)header] POST https://cloudresourcemanager.googleapis.com/v1/projects/auth-development-323c3:testIamPermissions x-goog-quota-user=projects/auth-development-323c3
[debug] [2024-08-13T17:14:04.548Z] >>> [apiv2][body] POST https://cloudresourcemanager.googleapis.com/v1/projects/auth-development-323c3:testIamPermissions {"permissions":["firebase.projects.get","firebasehosting.sites.update"]}
[debug] [2024-08-13T17:14:04.706Z] <<< [apiv2][status] GET https://firebase-public.firebaseio.com/cli.json 200
[debug] [2024-08-13T17:14:04.706Z] <<< [apiv2][body] GET https://firebase-public.firebaseio.com/cli.json {"cloudBuildErrorAfter":1594252800000,"cloudBuildWarnAfter":1590019200000,"defaultNode10After":1594252800000,"minVersion":"3.0.5","node8DeploysDisabledAfter":1613390400000,"node8RuntimeDisabledAfter":1615809600000,"node8WarnAfter":1600128000000}
[debug] [2024-08-13T17:14:07.355Z] <<< [apiv2][status] POST https://cloudresourcemanager.googleapis.com/v1/projects/auth-development-323c3:testIamPermissions 200
[debug] [2024-08-13T17:14:07.355Z] <<< [apiv2][body] POST https://cloudresourcemanager.googleapis.com/v1/projects/auth-development-323c3:testIamPermissions {"permissions":["firebase.projects.get","firebasehosting.sites.update"]}
[debug] [2024-08-13T17:14:07.355Z] >>> [apiv2][query] GET https://firebase.googleapis.com/v1beta1/projects/auth-development-323c3 [none]
[debug] [2024-08-13T17:14:08.846Z] <<< [apiv2][status] GET https://firebase.googleapis.com/v1beta1/projects/auth-development-323c3 200
[debug] [2024-08-13T17:14:08.846Z] <<< [apiv2][body] GET https://firebase.googleapis.com/v1beta1/projects/auth-development-323c3 {"projectId":"auth-development-323c3","projectNumber":"344712152146","displayName":"CommunityCart","name":"projects/auth-development-323c3","resources":{"hostingSite":"auth-development-323c3","storageBucket":"auth-development-323c3.appspot.com","locationId":"europe-west"},"state":"ACTIVE","etag":"1_e94167fa-d603-4bb6-aed7-5a0b2898978b"}
[info] 
[info] === Deploying to 'auth-development-323c3'...
[info] 
[info] i  deploying hosting 
[debug] [2024-08-13T17:14:08.850Z] >>> [apiv2][query] POST https://firebasehosting.googleapis.com/v1beta1/projects/-/sites/auth-development-323c3/versions [none]
[debug] [2024-08-13T17:14:08.850Z] >>> [apiv2][body] POST https://firebasehosting.googleapis.com/v1beta1/projects/-/sites/auth-development-323c3/versions {"status":"CREATED","labels":{"deployment-tool":"cli-firebase"}}
